  HW26_1_Task_01.cpp
d:\Microsoft Visual Studio\source\repos\HW26_1_Task_01\myString.h(70,1): warning C4996: 'strcat': This function or variable may be unsafe. Consider using strcat_s instead. To disable deprecation, use _CRT_SECURE_NO_WARNINGS. See online help for details.
D:\Windows Kits\10\Include\10.0.18362.0\ucrt\string.h(90): message : see declaration of 'strcat'
d:\Microsoft Visual Studio\source\repos\HW26_1_Task_01\myString.h(77,1): warning C4996: 'strcat': This function or variable may be unsafe. Consider using strcat_s instead. To disable deprecation, use _CRT_SECURE_NO_WARNINGS. See online help for details.
D:\Windows Kits\10\Include\10.0.18362.0\ucrt\string.h(90): message : see declaration of 'strcat'
d:\Microsoft Visual Studio\source\repos\HW26_1_Task_01\myString.h(85,24): warning C4018: '<': signed/unsigned mismatch
d:\Microsoft Visual Studio\source\repos\HW26_1_Task_01\myString.h(94,13): warning C4018: '<': signed/unsigned mismatch
d:\Microsoft Visual Studio\source\repos\HW26_1_Task_01\HW26_1_Task_01.cpp(44,23): warning C4018: '<': signed/unsigned mismatch
d:\Microsoft Visual Studio\source\repos\HW26_1_Task_01\HW26_1_Task_01.cpp(45,35): warning C4267: 'argument': conversion from 'size_t' to 'short', possible loss of data
d:\Microsoft Visual Studio\source\repos\HW26_1_Task_01\HW26_1_Task_01.cpp(158,24): warning C4018: '<': signed/unsigned mismatch
d:\Microsoft Visual Studio\source\repos\HW26_1_Task_01\HW26_1_Task_01.cpp(168,24): warning C4018: '<': signed/unsigned mismatch
d:\Microsoft Visual Studio\source\repos\HW26_1_Task_01\HW26_1_Task_01.cpp(175,24): warning C4018: '<': signed/unsigned mismatch
d:\Microsoft Visual Studio\source\repos\HW26_1_Task_01\HW26_1_Task_01.cpp(203,24): warning C4018: '<': signed/unsigned mismatch
d:\Microsoft Visual Studio\source\repos\HW26_1_Task_01\HW26_1_Task_01.cpp(205,24): warning C4018: '<': signed/unsigned mismatch
d:\Microsoft Visual Studio\source\repos\HW26_1_Task_01\HW26_1_Task_01.cpp(219,24): warning C4018: '<': signed/unsigned mismatch
d:\Microsoft Visual Studio\source\repos\HW26_1_Task_01\HW26_1_Task_01.cpp(212,1): warning C4996: 'fopen': This function or variable may be unsafe. Consider using fopen_s instead. To disable deprecation, use _CRT_SECURE_NO_WARNINGS. See online help for details.
D:\Windows Kits\10\Include\10.0.18362.0\ucrt\stdio.h(208): message : see declaration of 'fopen'
d:\Microsoft Visual Studio\source\repos\HW26_1_Task_01\HW26_1_Task_01.cpp(231,24): warning C4018: '<': signed/unsigned mismatch
d:\Microsoft Visual Studio\source\repos\HW26_1_Task_01\HW26_1_Task_01.cpp(298,1): warning C4996: 'strcpy': This function or variable may be unsafe. Consider using strcpy_s instead. To disable deprecation, use _CRT_SECURE_NO_WARNINGS. See online help for details.
D:\Windows Kits\10\Include\10.0.18362.0\ucrt\string.h(133): message : see declaration of 'strcpy'
  HW26_1_Task_01.vcxproj -> D:\Microsoft Visual Studio\source\repos\HW26_1_Task_01\Debug\HW26_1_Task_01.exe
